FtcRobotController/build/intermediates/manifest_merge_blame_file/debug/manifest-merger-blame-debug-report.txt
1<?xml version="1.0" encoding="utf-8"?>
2<manifest xmlns:android="http://schemas.android.com/apk/res/android"
3    xmlns:tools="http://schemas.android.com/tools"
4    package="com.qualcomm.ftcrobotcontroller"
5    android:versionCode="69421"
6    android:versionName="6.9" >
7
8    <uses-sdk
9        android:minSdkVersion="23"
9-->src/main/AndroidManifest.xml
10        android:targetSdkVersion="30" />
10-->src/main/AndroidManifest.xml
11
12    <uses-permission android:name="android.permission.RECEIVE_BOOT_COMPLETED" />
12-->src/main/AndroidManifest.xml:8:5-81
12-->src/main/AndroidManifest.xml:8:22-78
13
14    <application
14-->src/main/AndroidManifest.xml:10:5-57:19
15        android:allowBackup="true"
15-->src/main/AndroidManifest.xml:11:9-35
16        android:extractNativeLibs="true"
16-->src/main/AndroidManifest.xml:12:9-41
17        android:icon="@drawable/ftc3"
17-->src/main/AndroidManifest.xml:13:9-38
18        android:label="@string/app_name"
18-->src/main/AndroidManifest.xml:15:9-41
19        android:largeHeap="true"
19-->src/main/AndroidManifest.xml:16:9-33
20        android:theme="@style/AppThemeRedRC"
20-->src/main/AndroidManifest.xml:17:9-45
21        tools:replace="android:icon" >
21-->src/main/AndroidManifest.xml:14:9-37
22        <activity android:name="com.qualcomm.ftcrobotcontroller.testscreen" />
22-->src/main/AndroidManifest.xml:18:9-48
22-->src/main/AndroidManifest.xml:18:19-45
23        <!-- Indicates to the ControlHubUpdater what the latest version of the Control Hub is that this app supports -->
24        <meta-data
24-->src/main/AndroidManifest.xml:20:9-22:33
25            android:name="org.firstinspires.latestSupportedControlHubVersion"
25-->src/main/AndroidManifest.xml:21:13-78
26            android:value="1" /> <!-- The main robot controller activity -->
26-->src/main/AndroidManifest.xml:22:13-30
27        <activity
27-->src/main/AndroidManifest.xml:23:9-34:20
28            android:name="org.firstinspires.ftc.robotcontroller.internal.PermissionValidatorWrapper"
28-->src/main/AndroidManifest.xml:24:13-101
29            android:configChanges="orientation|screenSize"
29-->src/main/AndroidManifest.xml:25:13-59
30            android:label="@string/app_name"
30-->src/main/AndroidManifest.xml:26:13-45
31            android:launchMode="singleTask"
31-->src/main/AndroidManifest.xml:27:13-44
32            android:screenOrientation="fullUser" >
32-->src/main/AndroidManifest.xml:28:13-49
33            <intent-filter>
33-->src/main/AndroidManifest.xml:29:13-33:29
34                <category android:name="android.intent.category.LAUNCHER" />
34-->src/main/AndroidManifest.xml:30:17-77
34-->src/main/AndroidManifest.xml:30:27-74
35
36                <action android:name="android.intent.action.MAIN" />
36-->src/main/AndroidManifest.xml:32:17-69
36-->src/main/AndroidManifest.xml:32:25-66
37            </intent-filter>
38        </activity>
39        <activity
39-->src/main/AndroidManifest.xml:35:9-53:20
40            android:name="org.firstinspires.ftc.robotcontroller.internal.FtcRobotControllerActivity"
40-->src/main/AndroidManifest.xml:36:13-101
41            android:configChanges="orientation|screenSize"
41-->src/main/AndroidManifest.xml:37:13-59
42            android:label="@string/app_name"
42-->src/main/AndroidManifest.xml:38:13-45
43            android:launchMode="singleTask"
43-->src/main/AndroidManifest.xml:39:13-44
44            android:screenOrientation="fullUser" >
44-->src/main/AndroidManifest.xml:40:13-49
45            <intent-filter>
45-->src/main/AndroidManifest.xml:41:13-43:29
46                <action android:name="android.hardware.usb.action.USB_DEVICE_ATTACHED" />
46-->src/main/AndroidManifest.xml:42:17-90
46-->src/main/AndroidManifest.xml:42:25-87
47            </intent-filter>
48
49            <meta-data
49-->src/main/AndroidManifest.xml:45:13-47:57
50                android:name="android.hardware.usb.action.USB_DEVICE_ATTACHED"
50-->src/main/AndroidManifest.xml:46:17-79
51                android:resource="@xml/device_filter" />
51-->src/main/AndroidManifest.xml:47:17-54
52
53            <!-- org.firstinspires.main.entry indicates that this app is compatible with the Dragonboard Control Hub -->
54            <meta-data
54-->src/main/AndroidManifest.xml:50:13-52:40
55                android:name="org.firstinspires.main.entry"
55-->src/main/AndroidManifest.xml:51:17-60
56                android:value="true" />
56-->src/main/AndroidManifest.xml:52:17-37
57        </activity> <!-- The robot controller service in which most of the robot functionality is managed -->
58        <service
58-->src/main/AndroidManifest.xml:54:9-56:38
59            android:name="com.qualcomm.ftccommon.FtcRobotControllerService"
59-->src/main/AndroidManifest.xml:55:13-76
60            android:enabled="true" />
60-->src/main/AndroidManifest.xml:56:13-35
61    </application>
62
63</manifest>